<?xml version="1.0" encoding="UTF-8"?>
<!-- Generated by org.testng.reporters.JUnitXMLReporter -->
<testsuite ignored="0" hostname="AIS-BOM-DEV-11" failures="0" tests="19" name="Test" time="11.755" errors="0" timestamp="2021-02-17T21:31:48 IST">
  <testcase classname="com.crm.qa.testcases.SignUpTest" name="@BeforeTest before" time="11.56">
    <failure type="org.openqa.selenium.WebDriverException" message="org.openqa.selenium.WebDriverException: An unknown server-side error occurred while processing the command. Original error: Could not proxy command to the remote server. Original error: socket hang up
Build info: version: &amp;apos;3.141.59&amp;apos;, revision: &amp;apos;e82be7d358&amp;apos;, time: &amp;apos;2018-11-14T08:17:03&amp;apos;
System info: host: &amp;apos;AIS-BOM-DEV-11&amp;apos;, ip: &amp;apos;192.168.1.103&amp;apos;, os.name: &amp;apos;Windows 10&amp;apos;, os.arch: &amp;apos;amd64&amp;apos;, os.version: &amp;apos;10.0&amp;apos;, java.version: &amp;apos;15.0.1&amp;apos;
Driver info: io.appium.java_client.AppiumDriver
Capabilities {appActivity: com.globalmed.loveeveryday...., appPackage: com.globalmed.loveeveryday, databaseEnabled: false, desired: {appActivity: com.globalmed.loveeveryday...., appPackage: com.globalmed.loveeveryday, deviceName: OnePlus6Tt, platformName: android, platformVersion: 10.3.7, udid: f571a4c}, deviceApiLevel: 29, deviceManufacturer: OnePlus, deviceModel: ONEPLUS A6010, deviceName: f571a4c, deviceScreenDensity: 420, deviceScreenSize: 1080x2340, deviceUDID: f571a4c, javascriptEnabled: true, locationContextEnabled: false, networkConnectionEnabled: true, pixelRatio: 2.625, platform: LINUX, platformName: Android, platformVersion: 10, statBarHeight: 80, takesScreenshot: true, udid: f571a4c, viewportRect: {height: 2054, left: 0, top: 80, width: 1080}, warnings: {}, webStorageEnabled: false}
Session ID: 49f08455-cf31-43e5-892e-c31e3c40046f
*** Element info: {Using=id, value=com.globalmed.loveeveryday:id/btnSignUp}">
      <![CDATA[org.openqa.selenium.WebDriverException: org.openqa.selenium.WebDriverException: An unknown server-side error occurred while processing the command. Original error: Could not proxy command to the remote server. Original error: socket hang up
Build info: version: '3.141.59', revision: 'e82be7d358', time: '2018-11-14T08:17:03'
System info: host: 'AIS-BOM-DEV-11', ip: '192.168.1.103', os.name: 'Windows 10', os.arch: 'amd64', os.version: '10.0', java.version: '15.0.1'
Driver info: io.appium.java_client.AppiumDriver
Capabilities {appActivity: com.globalmed.loveeveryday...., appPackage: com.globalmed.loveeveryday, databaseEnabled: false, desired: {appActivity: com.globalmed.loveeveryday...., appPackage: com.globalmed.loveeveryday, deviceName: OnePlus6Tt, platformName: android, platformVersion: 10.3.7, udid: f571a4c}, deviceApiLevel: 29, deviceManufacturer: OnePlus, deviceModel: ONEPLUS A6010, deviceName: f571a4c, deviceScreenDensity: 420, deviceScreenSize: 1080x2340, deviceUDID: f571a4c, javascriptEnabled: true, locationContextEnabled: false, networkConnectionEnabled: true, pixelRatio: 2.625, platform: LINUX, platformName: Android, platformVersion: 10, statBarHeight: 80, takesScreenshot: true, udid: f571a4c, viewportRect: {height: 2054, left: 0, top: 80, width: 1080}, warnings: {}, webStorageEnabled: false}
Session ID: 49f08455-cf31-43e5-892e-c31e3c40046f
*** Element info: {Using=id, value=com.globalmed.loveeveryday:id/btnSignUp}
at io.appium.java_client.pagefactory.AppiumElementLocator$WaitingFunction.apply(AppiumElementLocator.java:192)
at io.appium.java_client.pagefactory.AppiumElementLocator$WaitingFunction.apply(AppiumElementLocator.java:1)
at org.openqa.selenium.support.ui.FluentWait.until(FluentWait.java:249)
at io.appium.java_client.pagefactory.AppiumElementLocator.waitFor(AppiumElementLocator.java:99)
at io.appium.java_client.pagefactory.AppiumElementLocator.findElement(AppiumElementLocator.java:119)
at io.appium.java_client.pagefactory.interceptors.InterceptorOfASingleElement.intercept(InterceptorOfASingleElement.java:59)
at io.appium.java_client.android.AndroidElement$$EnhancerByCGLIB$$b598166c.click(<generated>)
at pages.SignUpPage.launchSignUp(SignUpPage.java:173)
at com.crm.qa.testcases.SignUpTest.before(SignUpTest.java:34)
Caused by: org.openqa.selenium.WebDriverException: An unknown server-side error occurred while processing the command. Original error: Could not proxy command to the remote server. Original error: socket hang up
Build info: version: '3.141.59', revision: 'e82be7d358', time: '2018-11-14T08:17:03'
System info: host: 'AIS-BOM-DEV-11', ip: '192.168.1.103', os.name: 'Windows 10', os.arch: 'amd64', os.version: '10.0', java.version: '15.0.1'
Driver info: io.appium.java_client.AppiumDriver
Capabilities {appActivity: com.globalmed.loveeveryday...., appPackage: com.globalmed.loveeveryday, databaseEnabled: false, desired: {appActivity: com.globalmed.loveeveryday...., appPackage: com.globalmed.loveeveryday, deviceName: OnePlus6Tt, platformName: android, platformVersion: 10.3.7, udid: f571a4c}, deviceApiLevel: 29, deviceManufacturer: OnePlus, deviceModel: ONEPLUS A6010, deviceName: f571a4c, deviceScreenDensity: 420, deviceScreenSize: 1080x2340, deviceUDID: f571a4c, javascriptEnabled: true, locationContextEnabled: false, networkConnectionEnabled: true, pixelRatio: 2.625, platform: LINUX, platformName: Android, platformVersion: 10, statBarHeight: 80, takesScreenshot: true, udid: f571a4c, viewportRect: {height: 2054, left: 0, top: 80, width: 1080}, warnings: {}, webStorageEnabled: false}
Session ID: 49f08455-cf31-43e5-892e-c31e3c40046f
*** Element info: {Using=id, value=com.globalmed.loveeveryday:id/btnSignUp}
at org.openqa.selenium.remote.http.W3CHttpResponseCodec.createException(W3CHttpResponseCodec.java:187)
at org.openqa.selenium.remote.http.W3CHttpResponseCodec.decode(W3CHttpResponseCodec.java:122)
at org.openqa.selenium.remote.http.W3CHttpResponseCodec.decode(W3CHttpResponseCodec.java:49)
at org.openqa.selenium.remote.HttpCommandExecutor.execute(HttpCommandExecutor.java:158)
at io.appium.java_client.remote.AppiumCommandExecutor.execute(AppiumCommandExecutor.java:247)
at org.openqa.selenium.remote.RemoteWebDriver.execute(RemoteWebDriver.java:552)
at io.appium.java_client.DefaultGenericMobileDriver.execute(DefaultGenericMobileDriver.java:41)
at io.appium.java_client.AppiumDriver.execute(AppiumDriver.java:1)
at org.openqa.selenium.remote.RemoteWebDriver.findElement(RemoteWebDriver.java:323)
at io.appium.java_client.DefaultGenericMobileDriver.findElement(DefaultGenericMobileDriver.java:61)
at io.appium.java_client.AppiumDriver.findElement(AppiumDriver.java:1)
at org.openqa.selenium.remote.RemoteWebDriver.findElementById(RemoteWebDriver.java:372)
at io.appium.java_client.DefaultGenericMobileDriver.findElementById(DefaultGenericMobileDriver.java:69)
at io.appium.java_client.AppiumDriver.findElementById(AppiumDriver.java:1)
at org.openqa.selenium.By$ById.findElement(By.java:188)
at org.openqa.selenium.remote.RemoteWebDriver.findElement(RemoteWebDriver.java:315)
at io.appium.java_client.DefaultGenericMobileDriver.findElement(DefaultGenericMobileDriver.java:57)
at io.appium.java_client.AppiumDriver.findElement(AppiumDriver.java:1)
at io.appium.java_client.pagefactory.bys.ContentMappedBy.findElement(ContentMappedBy.java:50)
at org.openqa.selenium.remote.RemoteWebDriver.findElement(RemoteWebDriver.java:315)
at io.appium.java_client.DefaultGenericMobileDriver.findElement(DefaultGenericMobileDriver.java:57)
at io.appium.java_client.AppiumDriver.findElement(AppiumDriver.java:1)
at io.appium.java_client.pagefactory.AppiumElementLocator.lambda$0(AppiumElementLocator.java:120)
at io.appium.java_client.pagefactory.AppiumElementLocator$WaitingFunction.apply(AppiumElementLocator.java:172)
... 32 more
... Removed 29 stack frames]]>
    </failure>
  </testcase> <!-- @BeforeTest before -->
  <testcase classname="com.crm.qa.testcases.Add_Response_Subscriber" name="@BeforeMethod setUp" time="-1.613577708478E9">
    <skipped/>
  </testcase> <!-- @BeforeMethod setUp -->
  <testcase classname="com.crm.qa.testcases.Add_Response_Partner" name="@BeforeMethod setUp" time="-1.613577708486E9">
    <skipped/>
  </testcase> <!-- @BeforeMethod setUp -->
  <testcase classname="com.crm.qa.testcases.CreateEventTest" name="@BeforeMethod setUp" time="-1.613577708494E9">
    <skipped/>
  </testcase> <!-- @BeforeMethod setUp -->
  <testcase classname="com.crm.qa.testcases.CreateEventTest" name="@BeforeMethod setUp" time="-1.613577708502E9">
    <skipped/>
  </testcase> <!-- @BeforeMethod setUp -->
  <testcase classname="com.crm.qa.testcases.EditEventTest" name="@BeforeMethod setUp" time="-1.61357770851E9">
    <skipped/>
  </testcase> <!-- @BeforeMethod setUp -->
  <testcase classname="com.crm.qa.testcases.EditEventTest" name="@BeforeMethod setUp" time="-1.61357770852E9">
    <skipped/>
  </testcase> <!-- @BeforeMethod setUp -->
  <testcase classname="com.crm.qa.testcases.DeleteEventSubscriberTest" name="@BeforeMethod setUp" time="-1.613577708528E9">
    <skipped/>
  </testcase> <!-- @BeforeMethod setUp -->
  <testcase classname="com.crm.qa.testcases.DeleteEventSubscriberTest" name="@BeforeMethod setUp" time="-1.613577708537E9">
    <skipped/>
  </testcase> <!-- @BeforeMethod setUp -->
  <testcase classname="com.crm.qa.testcases.SubscriberMessage" name="@BeforeMethod setUp" time="-1.613577708544E9">
    <skipped/>
  </testcase> <!-- @BeforeMethod setUp -->
  <testcase classname="com.crm.qa.testcases.PartnerMessage" name="@BeforeMethod setUp" time="-1.613577708551E9">
    <skipped/>
  </testcase> <!-- @BeforeMethod setUp -->
  <testcase classname="com.crm.qa.testcases.Forgot_Password_Subscriber" name="@BeforeMethod setUp" time="-1.613577708558E9">
    <skipped/>
  </testcase> <!-- @BeforeMethod setUp -->
  <testcase classname="com.crm.qa.testcases.Forgot_Password_Partner" name="@BeforeMethod setUp" time="-1.613577708565E9">
    <skipped/>
  </testcase> <!-- @BeforeMethod setUp -->
  <testcase classname="com.crm.qa.testcases.LoginPageTest" name="@BeforeMethod setUp" time="-1.613577708571E9">
    <skipped/>
  </testcase> <!-- @BeforeMethod setUp -->
  <testcase classname="com.crm.qa.testcases.LoginPageTest" name="@BeforeMethod setUp" time="-1.613577708579E9">
    <skipped/>
  </testcase> <!-- @BeforeMethod setUp -->
  <testcase classname="com.crm.qa.testcases.UpdateProfilePartnerTest" name="@BeforeMethod setUp" time="-1.613577708586E9">
    <skipped/>
  </testcase> <!-- @BeforeMethod setUp -->
  <testcase classname="com.crm.qa.testcases.UpdateProfileSubscriber" name="@BeforeMethod setUp" time="-1.613577708593E9">
    <skipped/>
  </testcase> <!-- @BeforeMethod setUp -->
  <testcase classname="com.crm.qa.testcases.AddPartnerTest" name="@BeforeMethod setUp" time="-1.613577708599E9">
    <skipped/>
  </testcase> <!-- @BeforeMethod setUp -->
  <testcase classname="com.crm.qa.testcases.SignUpTest" name="signUpRegistrationTest" time="0.0">
    <skipped/>
  </testcase> <!-- signUpRegistrationTest -->
  <testcase classname="com.crm.qa.testcases.SignUpTest" name="partDetailsTest" time="0.0">
    <skipped/>
  </testcase> <!-- partDetailsTest -->
  <testcase classname="com.crm.qa.testcases.Add_Response_Subscriber" name="addResponseSubscriberTest" time="0.0">
    <skipped/>
  </testcase> <!-- addResponseSubscriberTest -->
  <testcase classname="com.crm.qa.testcases.Add_Response_Partner" name="addPartnerTest" time="0.0">
    <skipped/>
  </testcase> <!-- addPartnerTest -->
  <testcase classname="com.crm.qa.testcases.CreateEventTest" name="createEventTest" time="0.0">
    <skipped/>
  </testcase> <!-- createEventTest -->
  <testcase classname="com.crm.qa.testcases.CreateEventTest" name="createEventPartnerTest" time="0.0">
    <skipped/>
  </testcase> <!-- createEventPartnerTest -->
  <testcase classname="com.crm.qa.testcases.EditEventTest" name="editEventPartnerTest" time="0.0">
    <skipped/>
  </testcase> <!-- editEventPartnerTest -->
  <testcase classname="com.crm.qa.testcases.EditEventTest" name="editEventSubscriberTest" time="0.0">
    <skipped/>
  </testcase> <!-- editEventSubscriberTest -->
  <testcase classname="com.crm.qa.testcases.DeleteEventSubscriberTest" name="deleteSubscriberTest" time="0.0">
    <skipped/>
  </testcase> <!-- deleteSubscriberTest -->
  <testcase classname="com.crm.qa.testcases.DeleteEventSubscriberTest" name="deletePartnerTest" time="0.0">
    <skipped/>
  </testcase> <!-- deletePartnerTest -->
  <testcase classname="com.crm.qa.testcases.SubscriberMessage" name="SubscriberMessageTest" time="0.0">
    <skipped/>
  </testcase> <!-- SubscriberMessageTest -->
  <testcase classname="com.crm.qa.testcases.PartnerMessage" name="SubscriberMessageTest" time="0.0">
    <skipped/>
  </testcase> <!-- SubscriberMessageTest -->
  <testcase classname="com.crm.qa.testcases.Forgot_Password_Subscriber" name="forgotpasswordTest" time="0.0">
    <skipped/>
  </testcase> <!-- forgotpasswordTest -->
  <testcase classname="com.crm.qa.testcases.Forgot_Password_Partner" name="forgotpasswordTest" time="0.0">
    <skipped/>
  </testcase> <!-- forgotpasswordTest -->
  <testcase classname="com.crm.qa.testcases.LoginPageTest" name="loginSubscriberTest" time="0.0">
    <skipped/>
  </testcase> <!-- loginSubscriberTest -->
  <testcase classname="com.crm.qa.testcases.LoginPageTest" name="loginPartnerTest" time="0.0">
    <skipped/>
  </testcase> <!-- loginPartnerTest -->
  <testcase classname="com.crm.qa.testcases.UpdateProfilePartnerTest" name="updatePrfilePartnerTest" time="0.0">
    <skipped/>
  </testcase> <!-- updatePrfilePartnerTest -->
  <testcase classname="com.crm.qa.testcases.UpdateProfileSubscriber" name="updatePrfileSubscriberTest" time="0.0">
    <skipped/>
  </testcase> <!-- updatePrfileSubscriberTest -->
  <testcase classname="com.crm.qa.testcases.AddPartnerTest" name="addPartnerTest" time="0.0">
    <skipped/>
  </testcase> <!-- addPartnerTest -->
</testsuite> <!-- Test -->
